[20:26:10] [main/INFO]: Environment: authHost='https://authserver.mojang.com', accountsHost='https://api.mojang.com', sessionHost='https://sessionserver.mojang.com', name='PROD'
[20:26:11] [main/WARN]: Ambiguity between arguments [teleport, destination] and [teleport, targets] with inputs: [Player, 0123, @e, dd12be42-52a9-4a91-a8a1-11c01849e498]
[20:26:11] [main/WARN]: Ambiguity between arguments [teleport, location] and [teleport, destination] with inputs: [0.1 -0.5 .9, 0 0 0]
[20:26:11] [main/WARN]: Ambiguity between arguments [teleport, location] and [teleport, targets] with inputs: [0.1 -0.5 .9, 0 0 0]
[20:26:11] [main/WARN]: Ambiguity between arguments [teleport, targets] and [teleport, destination] with inputs: [Player, 0123, dd12be42-52a9-4a91-a8a1-11c01849e498]
[20:26:11] [main/WARN]: Ambiguity between arguments [teleport, targets, location] and [teleport, targets, destination] with inputs: [0.1 -0.5 .9, 0 0 0]
[20:26:11] [main/INFO]: Reloading ResourceManager: Default
[20:26:11] [Worker-Main-10/INFO]: Loaded 7 recipes
[20:26:11] [Worker-Main-10/INFO]: Loaded 927 advancements
[20:26:12] [Server thread/INFO]: Starting minecraft server version 1.16.1
[20:26:12] [Server thread/INFO]: Loading properties
[20:26:12] [Server thread/INFO]: Default game type: SURVIVAL
[20:26:12] [Server thread/INFO]: Generating keypair
[20:26:12] [Server thread/INFO]: Starting Minecraft server on 25.15.141.162:25565
[20:26:12] [Server thread/INFO]: Using default channel type
[20:26:12] [Server thread/WARN]: **** SERVER IS RUNNING IN OFFLINE/INSECURE MODE!
[20:26:12] [Server thread/WARN]: The server will make no attempt to authenticate usernames. Beware.
[20:26:12] [Server thread/WARN]: While this makes the game possible to play without internet access, it also opens up the ability for hackers to connect with any username they choose.
[20:26:12] [Server thread/WARN]: To change this, set "online-mode" to "true" in the server.properties file.
[20:26:12] [Server thread/INFO]: Preparing level "world"
[20:26:12] [Server thread/INFO]: Preparing start region for dimension minecraft:overworld
[20:26:13] [Server thread/INFO]: Preparing spawn area: 0%
[20:26:13] [Server thread/INFO]: Preparing spawn area: 0%
[20:26:15] [Worker-Main-13/INFO]: Preparing spawn area: 87%
[20:26:15] [Worker-Main-9/INFO]: Preparing spawn area: 87%
[20:26:15] [Worker-Main-9/INFO]: Preparing spawn area: 87%
[20:26:15] [Worker-Main-9/INFO]: Preparing spawn area: 87%
[20:26:15] [Worker-Main-13/INFO]: Preparing spawn area: 87%
[20:26:16] [Worker-Main-10/INFO]: Preparing spawn area: 87%
[20:26:16] [Worker-Main-11/INFO]: Preparing spawn area: 89%
[20:26:17] [Worker-Main-10/INFO]: Preparing spawn area: 95%
[20:26:17] [Server thread/INFO]: Time elapsed: 4647 ms
[20:26:17] [Server thread/INFO]: Done (4.722s)! For help, type "help"
[20:34:36] [Server thread/INFO]: Paulvilli[/25.13.252.174:53919] logged in with entity id 162 at (-165.5, 67.0, 232.5)
[20:34:36] [Server thread/INFO]: Paulvilli joined the game
[20:35:35] [Server thread/INFO]: Akenon73[/25.15.141.162:64592] logged in with entity id 348 at (-169.5, 67.0, 223.5)
[20:35:35] [Server thread/INFO]: Akenon73 joined the game
[20:36:25] [Server thread/INFO]: ricvillagrana[/25.12.199.204:57248] logged in with entity id 566 at (-172.5, 68.0, 226.5)
[20:36:25] [Server thread/INFO]: ricvillagrana joined the game
[20:37:07] [Server thread/INFO]: ricvillagrana was slain by Zombie
[20:38:16] [Server thread/INFO]: BILC[/25.104.5.122:49857] logged in with entity id 819 at (-184.5, 67.0, 231.5)
[20:38:16] [Server thread/INFO]: BILC joined the game
[20:40:54] [Server thread/INFO]: BILC has made the advancement [What a Deal!]
[20:41:05] [Server thread/INFO]: Paulvilli has made the advancement [Monster Hunter]
[20:42:48] [Server thread/INFO]: Akenon73 has made the advancement [Monster Hunter]
[20:43:05] [Server thread/INFO]: ricvillagrana has made the advancement [Monster Hunter]
[20:43:13] [Server thread/INFO]: Akenon73 has made the advancement [Best Friends Forever]
[20:43:15] [Server thread/WARN]: Mismatch in destroy block pos: fu{x=-229, y=70, z=285} fu{x=-162, y=62, z=237}
[20:43:30] [Server thread/INFO]: Paulvilli has made the advancement [Stone Age]
[20:43:36] [Server thread/INFO]: ricvillagrana has made the advancement [Stone Age]
[20:44:08] [Server thread/INFO]: ricvillagrana has made the advancement [Getting an Upgrade]
[20:44:10] [Server thread/WARN]: Mismatch in destroy block pos: fu{x=-157, y=61, z=238} fu{x=-163, y=63, z=240}
[20:44:11] [Server thread/WARN]: Mismatch in destroy block pos: fu{x=-157, y=61, z=238} fu{x=-162, y=62, z=238}
[20:44:11] [Server thread/WARN]: Mismatch in destroy block pos: fu{x=-157, y=61, z=238} fu{x=-162, y=62, z=238}
[20:44:19] [Server thread/WARN]: Mismatch in destroy block pos: fu{x=-162, y=64, z=241} fu{x=-164, y=64, z=240}
[20:44:19] [Server thread/WARN]: Mismatch in destroy block pos: fu{x=-162, y=64, z=241} fu{x=-164, y=64, z=240}
[20:44:29] [Server thread/INFO]: BILC has made the advancement [Stone Age]
[20:45:16] [Server thread/INFO]: Paulvilli has made the advancement [Getting an Upgrade]
[20:45:17] [Server thread/INFO]: BILC has made the advancement [Getting an Upgrade]
[20:45:57] [Server thread/INFO]: Akenon73 has made the advancement [Stone Age]
[20:48:06] [Server thread/INFO]: Akenon73 has made the advancement [Getting an Upgrade]
[20:52:54] [Server thread/INFO]: ricvillagrana has made the advancement [Acquire Hardware]
[20:53:19] [Server thread/INFO]: Paulvilli has made the advancement [Acquire Hardware]
[20:53:29] [Server thread/INFO]: Paulvilli has made the advancement [Isn't It Iron Pick]
[20:53:47] [Server thread/INFO]: BILC has made the advancement [Isn't It Iron Pick]
[20:54:15] [Server thread/INFO]: ricvillagrana has made the advancement [Isn't It Iron Pick]
[20:54:20] [Server thread/INFO]: Akenon73 has made the advancement [Acquire Hardware]
[20:54:29] [Server thread/INFO]: Akenon73 has made the advancement [Isn't It Iron Pick]
[20:54:36] [Server thread/INFO]: BILC lost connection: Disconnected
[20:54:36] [Server thread/INFO]: BILC left the game
[20:54:40] [Server thread/WARN]: Mismatch in destroy block pos: fu{x=-142, y=64, z=240} fu{x=-168, y=69, z=235}
[20:55:18] [Server thread/INFO]: BILC[/25.104.5.122:49880] logged in with entity id 4058 at (-125.69999998807907, 10.0, 310.1762006838429)
[20:55:18] [Server thread/INFO]: BILC joined the game
[20:57:25] [Server thread/INFO]: BILC has made the advancement [Monster Hunter]
[20:59:34] [Server thread/INFO]: Paulvilli was blown up by Creeper
[21:06:11] [Server thread/INFO]: ricvillagrana has made the advancement [Hot Stuff]
[21:07:42] [Server thread/INFO]: Paulvilli has made the advancement [Not Today, Thank You]
[21:09:49] [Server thread/INFO]: ricvillagrana has made the advancement [Not Today, Thank You]
[21:11:29] [Server thread/INFO]: BILC has made the advancement [Acquire Hardware]
[21:14:37] [Server thread/INFO]: ricvillagrana has made the advancement [Diamonds!]
[21:16:09] [Server thread/INFO]: Akenon73 lost connection: Disconnected
[21:16:09] [Server thread/INFO]: Akenon73 left the game
[21:16:36] [Server thread/INFO]: Nothing changed. The player already is an operator
[21:16:46] [Server thread/INFO]: Made Akenon73 a server operator
[21:17:08] [Server thread/INFO]: Made ricvillagrana a server operator
[21:17:16] [Server thread/INFO]: Made Paulvilli a server operator
[21:17:31] [Server thread/INFO]: Nothing changed. The player already is an operator
[21:19:11] [Server thread/INFO]: [BILC: Set the time to 1000]
[21:19:41] [Server thread/INFO]: ricvillagrana has made the advancement [Ice Bucket Challenge]
[21:19:51] [Server thread/INFO]: Akenon73[/25.15.141.162:64676] logged in with entity id 9036 at (-65.30000001192093, 29.0, 289.241870065866)
[21:19:51] [Server thread/INFO]: Akenon73 joined the game
[21:21:34] [Server thread/WARN]: Paulvilli moved too quickly! -7.190603992299231,-1.747796659746271,7.123826977395879
[21:21:34] [Server thread/WARN]: Can't keep up! Is the server overloaded? Running 17010ms or 340 ticks behind
[21:21:35] [Server thread/WARN]: ricvillagrana moved wrongly!
[21:21:35] [Server thread/WARN]: Akenon73 moved wrongly!
[21:22:32] [Server thread/WARN]: Can't keep up! Is the server overloaded? Running 3330ms or 66 ticks behind
[21:22:32] [Server thread/WARN]: Paulvilli moved too quickly! -1.059430847873955,-1.0,10.174978623306231
[21:23:40] [Server thread/INFO]: Paulvilli has made the advancement [A Seedy Place]
[21:24:08] [Server thread/INFO]: Akenon73 has made the advancement [Not Today, Thank You]
[21:28:57] [Server thread/INFO]: Akenon73 has made the advancement [Diamonds!]
[21:29:31] [Server thread/INFO]: [Akenon73: Teleported Akenon73 to Paulvilli]
[21:29:31] [Server thread/WARN]: Akenon73 moved too quickly! -140.02100664703607,54.0,14.74084803211258
[21:29:31] [Server thread/WARN]: Akenon73 moved too quickly! -140.02100664703607,54.0,14.74084803211258
[21:30:26] [Server thread/WARN]: Mismatch in destroy block pos: fu{x=-258, y=67, z=315} fu{x=-259, y=65, z=315}
[21:31:44] [Server thread/INFO]: [ricvillagrana: Teleported ricvillagrana to Paulvilli]
[21:31:44] [Server thread/WARN]: ricvillagrana moved too quickly! -153.56739756909047,50.0,-9.360445627984518
[21:33:56] [Server thread/INFO]: Paulvilli was slain by Zombie
[21:34:09] [Server thread/INFO]: BILC was slain by Zombie
[21:34:18] [Server thread/INFO]: Paulvilli was blown up by Creeper
[21:34:34] [Server thread/INFO]: Paulvilli was blown up by Creeper
[21:35:11] [Server thread/INFO]: BILC has made the advancement [Sweet Dreams]
[21:35:58] [Server thread/INFO]: Paulvilli has made the advancement [Sweet Dreams]
[21:36:20] [Server thread/INFO]: [BILC: Set the time to 1000]
[21:38:37] [Server thread/INFO]: BILC has made the advancement [Best Friends Forever]
[21:38:55] [Server thread/INFO]: Akenon73 was blown up by Creeper
[21:38:55] [Server thread/INFO]: Paulvilli was blown up by Creeper
[21:41:24] [Server thread/INFO]: ricvillagrana has made the advancement [What a Deal!]
[21:41:45] [Server thread/INFO]: Paulvilli has made the advancement [Best Friends Forever]
[21:46:24] [Server thread/INFO]: [ricvillagrana: Teleported ricvillagrana to Akenon73]
[21:46:24] [Server thread/WARN]: ricvillagrana moved too quickly! 81.55192460920242,-0.9755759117863079,-58.33874982199009
[21:47:47] [Server thread/INFO]: BILC lost connection: Disconnected
[21:47:47] [Server thread/INFO]: BILC left the game
[21:47:53] [Server thread/INFO]: ricvillagrana has made the advancement [Sweet Dreams]
[21:48:14] [Server thread/INFO]: Akenon73 has made the advancement [Sweet Dreams]
[21:50:20] [Server thread/INFO]: BILC[/25.104.5.122:50002] logged in with entity id 15509 at (-186.5, 69.0000002, 291.5)
[21:50:20] [Server thread/INFO]: BILC joined the game
[21:54:53] [Server thread/WARN]: Mismatch in destroy block pos: fu{x=-152, y=67, z=230} fu{x=-150, y=65, z=230}
[22:06:23] [Server thread/WARN]: Can't keep up! Is the server overloaded? Running 6647ms or 132 ticks behind
[22:06:23] [Server thread/WARN]: Akenon73 moved too quickly! -9.38303890424632,2.772220747959956,-2.470713693249678
[22:07:02] [Server thread/WARN]: Akenon73 moved too quickly! -5.45233660035791,0.0,8.579867028043253
[22:07:02] [Server thread/WARN]: BILC moved too quickly! -2.6416812673088828,0.0,-9.877426287479182
[22:07:02] [Server thread/WARN]: Can't keep up! Is the server overloaded? Running 18391ms or 367 ticks behind
[22:12:38] [Server thread/INFO]: Paulvilli has made the advancement [Fishy Business]
[22:14:01] [Server thread/INFO]: ricvillagrana has made the advancement [Fishy Business]
[22:14:02] [Server thread/INFO]: Akenon73 lost connection: Disconnected
[22:14:02] [Server thread/INFO]: Akenon73 left the game
[22:14:29] [Server thread/INFO]: Akenon73[/25.15.141.162:64768] logged in with entity id 20372 at (-175.86783128418747, 73.0, 252.88592117290762)
[22:14:29] [Server thread/INFO]: Akenon73 joined the game
[22:15:54] [Server thread/INFO]: ricvillagrana lost connection: Disconnected
[22:15:54] [Server thread/INFO]: ricvillagrana left the game
[22:15:56] [Server thread/INFO]: BILC lost connection: Disconnected
[22:15:56] [Server thread/INFO]: BILC left the game
[22:15:57] [Server thread/INFO]: Paulvilli lost connection: Disconnected
[22:15:57] [Server thread/INFO]: Paulvilli left the game
[22:16:00] [Server thread/INFO]: Akenon73 lost connection: Disconnected
[22:16:00] [Server thread/INFO]: Akenon73 left the game
[22:16:18] [Server thread/INFO]: Stopping the server
[22:16:18] [Server thread/INFO]: Stopping server
[22:16:18] [Server thread/INFO]: Saving players
[22:16:18] [Server thread/INFO]: Saving worlds
[22:16:18] [Server thread/INFO]: Saving chunks for level 'ServerLevel[world]'/minecraft:overworld
[22:16:19] [Server thread/INFO]: ThreadedAnvilChunkStorage (world): All chunks are saved
[22:16:19] [Server thread/INFO]: Saving chunks for level 'ServerLevel[world]'/minecraft:the_nether
[22:16:19] [Server thread/INFO]: ThreadedAnvilChunkStorage (DIM-1): All chunks are saved
[22:16:19] [Server thread/INFO]: Saving chunks for level 'ServerLevel[world]'/minecraft:the_end
[22:16:19] [Server thread/INFO]: ThreadedAnvilChunkStorage (DIM1): All chunks are saved
[22:16:19] [Server thread/INFO]: ThreadedAnvilChunkStorage (world): All chunks are saved
[22:16:19] [Server thread/INFO]: ThreadedAnvilChunkStorage (DIM-1): All chunks are saved
[22:16:19] [Server thread/INFO]: ThreadedAnvilChunkStorage (DIM1): All chunks are saved
